-------------------------------------------------------------------------------
Test set: com.example.farmerHome.ConsumerApplicationTest
-------------------------------------------------------------------------------
Tests run: 1, Failures: 0, Errors: 1, Skipped: 0, Time elapsed: 0 s <<< FAILURE! - in com.example.farmerHome.ConsumerApplicationTest
initializationError(com.example.farmerHome.ConsumerApplicationTest)  Time elapsed: 0 s  <<< ERROR!
java.lang.Exception: No runnable methods

