-------------------------------------------------------------------------------
Test set: com.example.farmerHome.FarmerApplicationTest
-------------------------------------------------------------------------------
Tests run: 1, Failures: 0, Errors: 1, Skipped: 0, Time elapsed: 0.003 s <<< FAILURE! - in com.example.farmerHome.FarmerApplicationTest
initializationError(com.example.farmerHome.FarmerApplicationTest)  Time elapsed: 0.003 s  <<< ERROR!
java.lang.Exception: No runnable methods

