-------------------------------------------------------------------------------
Test set: com.example.farmerHome.ProductApplicationTest
-------------------------------------------------------------------------------
Tests run: 1, Failures: 0, Errors: 1, Skipped: 0, Time elapsed: 0.001 s <<< FAILURE! - in com.example.farmerHome.ProductApplicationTest
initializationError(com.example.farmerHome.ProductApplicationTest)  Time elapsed: 0 s  <<< ERROR!
java.lang.Exception: No runnable methods

